<?xml version="1.0" encoding="UTF-8"?>
<!-- Generated by org.testng.reporters.JUnitReportReporter -->
<testsuite hostname="MS-20180730IWUB" name="com.daniel.test.selenium_test.Login" tests="2" failures="0" timestamp="21 Jun 2019 11:22:08 GMT" time="22.513" errors="0">
  <testcase name="loginScript" time="8.447" classname="com.daniel.test.selenium_test.Login"/>
  <testcase name="initDriver" time="14.066" classname="com.daniel.test.selenium_test.Login"/>
</testsuite> <!-- com.daniel.test.selenium_test.Login -->
